2025-05-01 16:56:54,758 [Worker-6: Loading available Gradle versions] INFO  o.e.b.c.i.u.g.PublishedGradleVersions - Gradle version information cache is not available. Remote download required.
2025-05-01 16:57:29,763 [Worker-4: Importing Maven projects] INFO  o.e.m.c.i.l.LifecycleMappingFactory - Using org.eclipse.m2e.jdt.JarLifecycleMapping lifecycle mapping for MavenProject: com.pixelmovies:daw1-ProyFinal-PixelMovies:0.0.1-SNAPSHOT @ C:\Users\mateo\Desktop\Cibertec - Ciclo V\DAWI\PF\backProyecto\Pixel-Movies-Proyecto-DAWI\pom.xml.
2025-05-01 16:57:31,040 [Worker-4: Importing Maven projects] INFO  o.e.m.j.i.AbstractJavaProjectConfigurator - Adding source folder /Pixel-Movies-Proyecto-DAWI/src/main/java
2025-05-01 16:57:31,042 [Worker-4: Importing Maven projects] INFO  o.e.m.j.i.AbstractJavaProjectConfigurator - Adding resource folder /Pixel-Movies-Proyecto-DAWI/src/main/resources
2025-05-01 16:57:31,046 [Worker-4: Importing Maven projects] INFO  o.e.m.j.i.AbstractJavaProjectConfigurator - Adding resource folder /Pixel-Movies-Proyecto-DAWI/src/main/resources
2025-05-01 16:57:31,048 [Worker-4: Importing Maven projects] INFO  o.e.m.j.i.AbstractJavaProjectConfigurator - Adding source folder /Pixel-Movies-Proyecto-DAWI/src/test/java
2025-05-01 16:57:31,050 [Worker-4: Importing Maven projects] INFO  o.e.m.j.i.AbstractJavaProjectConfigurator - Adding resource folder /Pixel-Movies-Proyecto-DAWI/src/test/resources
2025-05-01 16:57:31,951 [Worker-4: Importing Maven projects] INFO  o.e.m.c.i.p.ProjectConfigurationManager - Imported and configured 1 project(s) in 4 sec
2025-05-01 16:57:35,517 [Worker-5: Building] INFO  o.a.m.s.f.DefaultMavenResourcesFiltering - Copying 1 resource from src\main\resources to target\classes
2025-05-01 16:57:35,613 [Worker-5: Building] INFO  o.a.m.s.f.DefaultMavenResourcesFiltering - Copying 0 resource from src\main\resources to target\classes
2025-05-01 16:57:35,621 [Worker-5: Building] INFO  o.a.m.s.f.DefaultMavenResourcesFiltering - skip non existing resourceDirectory C:\Users\mateo\Desktop\Cibertec - Ciclo V\DAWI\PF\backProyecto\Pixel-Movies-Proyecto-DAWI\src\test\resources
2025-05-01 19:31:23,720 [Worker-24: Building] INFO  o.a.m.s.f.DefaultMavenResourcesFiltering - Copying 1 resource from src\main\resources to target\classes
2025-05-01 19:31:23,774 [Worker-24: Building] INFO  o.a.m.s.f.DefaultMavenResourcesFiltering - Copying 0 resource from src\main\resources to target\classes
2025-05-01 19:31:23,780 [Worker-24: Building] INFO  o.a.m.s.f.DefaultMavenResourcesFiltering - skip non existing resourceDirectory C:\Users\mateo\Desktop\Cibertec - Ciclo V\DAWI\PF\backProyecto\Pixel-Movies-Proyecto-DAWI\src\test\resources
2025-05-01 19:33:35,389 [Worker-23: Building] INFO  o.a.m.s.f.DefaultMavenResourcesFiltering - Copying 1 resource from src\main\resources to target\classes
2025-05-01 19:33:35,396 [Worker-23: Building] INFO  o.a.m.s.f.DefaultMavenResourcesFiltering - Copying 0 resource from src\main\resources to target\classes
2025-05-01 19:33:35,399 [Worker-23: Building] INFO  o.a.m.s.f.DefaultMavenResourcesFiltering - skip non existing resourceDirectory C:\Users\mateo\Desktop\Cibertec - Ciclo V\DAWI\PF\backProyecto\Pixel-Movies-Proyecto-DAWI\src\test\resources
2025-05-01 19:33:39,389 [Worker-20: Building] INFO  o.a.m.s.f.DefaultMavenResourcesFiltering - Copying 1 resource from src\main\resources to target\classes
2025-05-01 19:33:39,396 [Worker-20: Building] INFO  o.a.m.s.f.DefaultMavenResourcesFiltering - Copying 0 resource from src\main\resources to target\classes
2025-05-01 19:33:39,400 [Worker-20: Building] INFO  o.a.m.s.f.DefaultMavenResourcesFiltering - skip non existing resourceDirectory C:\Users\mateo\Desktop\Cibertec - Ciclo V\DAWI\PF\backProyecto\Pixel-Movies-Proyecto-DAWI\src\test\resources
2025-05-02 09:57:42,272 [Worker-6: Loading available Gradle versions] INFO  o.e.b.c.i.u.g.PublishedGradleVersions - Gradle version information cache is up-to-date. Trying to read.
2025-05-02 12:34:51,414 [Worker-2: Loading available Gradle versions] INFO  o.e.b.c.i.u.g.PublishedGradleVersions - Gradle version information cache is up-to-date. Trying to read.
2025-05-02 12:35:09,836 [Worker-2: Launching Pixel-Movies-Proyecto-DAWI - Daw1ProyFinalPixelMoviesApplication] INFO  o.a.m.s.f.DefaultMavenResourcesFiltering - Copying 1 resource from src\main\resources to target\classes
2025-05-02 12:35:09,854 [Worker-2: Launching Pixel-Movies-Proyecto-DAWI - Daw1ProyFinalPixelMoviesApplication] INFO  o.a.m.s.f.DefaultMavenResourcesFiltering - Copying 0 resource from src\main\resources to target\classes
2025-05-02 12:35:09,859 [Worker-2: Launching Pixel-Movies-Proyecto-DAWI - Daw1ProyFinalPixelMoviesApplication] INFO  o.a.m.s.f.DefaultMavenResourcesFiltering - skip non existing resourceDirectory C:\Users\mateo\Desktop\Cibertec - Ciclo V\DAWI\PF\backProyecto\Pixel-Movies-Proyecto-DAWI\src\test\resources
2025-05-02 19:51:41,601 [Worker-4: Loading available Gradle versions] INFO  o.e.b.c.i.u.g.PublishedGradleVersions - Gradle version information cache is out-of-date. Trying to update.
2025-05-02 20:22:07,546 [Worker-13: Building] INFO  o.a.m.s.f.DefaultMavenResourcesFiltering - Copying 1 resource from src\main\resources to target\classes
2025-05-02 20:22:07,584 [Worker-13: Building] INFO  o.a.m.s.f.DefaultMavenResourcesFiltering - Copying 0 resource from src\main\resources to target\classes
2025-05-02 20:22:07,593 [Worker-13: Building] INFO  o.a.m.s.f.DefaultMavenResourcesFiltering - skip non existing resourceDirectory C:\Users\mateo\Desktop\Cibertec - Ciclo V\DAWI\PF\backProyecto\Pixel-Movies-Proyecto-DAWI\src\test\resources
2025-05-02 20:22:55,873 [Worker-16: Building] INFO  o.a.m.s.f.DefaultMavenResourcesFiltering - Copying 1 resource from src\main\resources to target\classes
2025-05-02 20:22:55,876 [Worker-16: Building] INFO  o.a.m.s.f.DefaultMavenResourcesFiltering - Copying 0 resource from src\main\resources to target\classes
2025-05-02 20:22:55,879 [Worker-16: Building] INFO  o.a.m.s.f.DefaultMavenResourcesFiltering - skip non existing resourceDirectory C:\Users\mateo\Desktop\Cibertec - Ciclo V\DAWI\PF\backProyecto\Pixel-Movies-Proyecto-DAWI\src\test\resources
2025-05-02 20:24:31,439 [Worker-18: Building] INFO  o.a.m.s.f.DefaultMavenResourcesFiltering - Copying 1 resource from src\main\resources to target\classes
2025-05-02 20:24:31,443 [Worker-18: Building] INFO  o.a.m.s.f.DefaultMavenResourcesFiltering - Copying 0 resource from src\main\resources to target\classes
2025-05-02 20:24:31,446 [Worker-18: Building] INFO  o.a.m.s.f.DefaultMavenResourcesFiltering - skip non existing resourceDirectory C:\Users\mateo\Desktop\Cibertec - Ciclo V\DAWI\PF\backProyecto\Pixel-Movies-Proyecto-DAWI\src\test\resources
2025-05-02 20:25:44,934 [Worker-1: Building] INFO  o.a.m.s.f.DefaultMavenResourcesFiltering - Copying 1 resource from src\main\resources to target\classes
2025-05-02 20:25:44,937 [Worker-1: Building] INFO  o.a.m.s.f.DefaultMavenResourcesFiltering - Copying 0 resource from src\main\resources to target\classes
2025-05-02 20:25:44,940 [Worker-1: Building] INFO  o.a.m.s.f.DefaultMavenResourcesFiltering - skip non existing resourceDirectory C:\Users\mateo\Desktop\Cibertec - Ciclo V\DAWI\PF\backProyecto\Pixel-Movies-Proyecto-DAWI\src\test\resources
2025-05-02 20:28:19,014 [Worker-19: Building] INFO  o.a.m.s.f.DefaultMavenResourcesFiltering - Copying 1 resource from src\main\resources to target\classes
2025-05-02 20:28:19,018 [Worker-19: Building] INFO  o.a.m.s.f.DefaultMavenResourcesFiltering - Copying 0 resource from src\main\resources to target\classes
2025-05-02 20:28:19,020 [Worker-19: Building] INFO  o.a.m.s.f.DefaultMavenResourcesFiltering - skip non existing resourceDirectory C:\Users\mateo\Desktop\Cibertec - Ciclo V\DAWI\PF\backProyecto\Pixel-Movies-Proyecto-DAWI\src\test\resources
2025-05-02 20:28:45,418 [Worker-1: Building] INFO  o.a.m.s.f.DefaultMavenResourcesFiltering - Copying 1 resource from src\main\resources to target\classes
2025-05-02 20:28:45,420 [Worker-1: Building] INFO  o.a.m.s.f.DefaultMavenResourcesFiltering - Copying 0 resource from src\main\resources to target\classes
2025-05-02 20:28:45,422 [Worker-1: Building] INFO  o.a.m.s.f.DefaultMavenResourcesFiltering - skip non existing resourceDirectory C:\Users\mateo\Desktop\Cibertec - Ciclo V\DAWI\PF\backProyecto\Pixel-Movies-Proyecto-DAWI\src\test\resources
2025-05-02 20:29:13,569 [Worker-17: Building] INFO  o.a.m.s.f.DefaultMavenResourcesFiltering - Copying 1 resource from src\main\resources to target\classes
2025-05-02 20:29:13,572 [Worker-17: Building] INFO  o.a.m.s.f.DefaultMavenResourcesFiltering - Copying 0 resource from src\main\resources to target\classes
2025-05-02 20:29:13,574 [Worker-17: Building] INFO  o.a.m.s.f.DefaultMavenResourcesFiltering - skip non existing resourceDirectory C:\Users\mateo\Desktop\Cibertec - Ciclo V\DAWI\PF\backProyecto\Pixel-Movies-Proyecto-DAWI\src\test\resources
2025-05-02 20:30:25,927 [Worker-19: Building] INFO  o.a.m.s.f.DefaultMavenResourcesFiltering - Copying 1 resource from src\main\resources to target\classes
2025-05-02 20:30:25,933 [Worker-19: Building] INFO  o.a.m.s.f.DefaultMavenResourcesFiltering - Copying 0 resource from src\main\resources to target\classes
2025-05-02 20:30:25,936 [Worker-19: Building] INFO  o.a.m.s.f.DefaultMavenResourcesFiltering - skip non existing resourceDirectory C:\Users\mateo\Desktop\Cibertec - Ciclo V\DAWI\PF\backProyecto\Pixel-Movies-Proyecto-DAWI\src\test\resources
2025-05-02 20:31:29,221 [Worker-18: Building] INFO  o.a.m.s.f.DefaultMavenResourcesFiltering - Copying 1 resource from src\main\resources to target\classes
2025-05-02 20:31:29,226 [Worker-18: Building] INFO  o.a.m.s.f.DefaultMavenResourcesFiltering - Copying 0 resource from src\main\resources to target\classes
2025-05-02 20:31:29,228 [Worker-18: Building] INFO  o.a.m.s.f.DefaultMavenResourcesFiltering - skip non existing resourceDirectory C:\Users\mateo\Desktop\Cibertec - Ciclo V\DAWI\PF\backProyecto\Pixel-Movies-Proyecto-DAWI\src\test\resources
2025-05-02 20:31:31,158 [Worker-1: Building] INFO  o.a.m.s.f.DefaultMavenResourcesFiltering - Copying 1 resource from src\main\resources to target\classes
2025-05-02 20:31:31,167 [Worker-1: Building] INFO  o.a.m.s.f.DefaultMavenResourcesFiltering - Copying 0 resource from src\main\resources to target\classes
2025-05-02 20:31:31,170 [Worker-1: Building] INFO  o.a.m.s.f.DefaultMavenResourcesFiltering - skip non existing resourceDirectory C:\Users\mateo\Desktop\Cibertec - Ciclo V\DAWI\PF\backProyecto\Pixel-Movies-Proyecto-DAWI\src\test\resources
2025-05-02 20:32:52,193 [Worker-1: Building] INFO  o.a.m.s.f.DefaultMavenResourcesFiltering - Copying 1 resource from src\main\resources to target\classes
2025-05-02 20:32:52,196 [Worker-1: Building] INFO  o.a.m.s.f.DefaultMavenResourcesFiltering - Copying 0 resource from src\main\resources to target\classes
2025-05-02 20:32:52,199 [Worker-1: Building] INFO  o.a.m.s.f.DefaultMavenResourcesFiltering - skip non existing resourceDirectory C:\Users\mateo\Desktop\Cibertec - Ciclo V\DAWI\PF\backProyecto\Pixel-Movies-Proyecto-DAWI\src\test\resources
2025-05-02 20:34:45,763 [Worker-16: Building] INFO  o.a.m.s.f.DefaultMavenResourcesFiltering - Copying 1 resource from src\main\resources to target\classes
2025-05-02 20:34:45,767 [Worker-16: Building] INFO  o.a.m.s.f.DefaultMavenResourcesFiltering - Copying 0 resource from src\main\resources to target\classes
2025-05-02 20:34:45,769 [Worker-16: Building] INFO  o.a.m.s.f.DefaultMavenResourcesFiltering - skip non existing resourceDirectory C:\Users\mateo\Desktop\Cibertec - Ciclo V\DAWI\PF\backProyecto\Pixel-Movies-Proyecto-DAWI\src\test\resources
2025-05-02 20:35:00,840 [Worker-22: Building] INFO  o.a.m.s.f.DefaultMavenResourcesFiltering - Copying 1 resource from src\main\resources to target\classes
2025-05-02 20:35:00,845 [Worker-22: Building] INFO  o.a.m.s.f.DefaultMavenResourcesFiltering - Copying 0 resource from src\main\resources to target\classes
2025-05-02 20:35:00,848 [Worker-22: Building] INFO  o.a.m.s.f.DefaultMavenResourcesFiltering - skip non existing resourceDirectory C:\Users\mateo\Desktop\Cibertec - Ciclo V\DAWI\PF\backProyecto\Pixel-Movies-Proyecto-DAWI\src\test\resources
2025-05-02 20:36:42,249 [Worker-22: Building] INFO  o.a.m.s.f.DefaultMavenResourcesFiltering - Copying 1 resource from src\main\resources to target\classes
2025-05-02 20:36:42,253 [Worker-22: Building] INFO  o.a.m.s.f.DefaultMavenResourcesFiltering - Copying 0 resource from src\main\resources to target\classes
2025-05-02 20:36:42,255 [Worker-22: Building] INFO  o.a.m.s.f.DefaultMavenResourcesFiltering - skip non existing resourceDirectory C:\Users\mateo\Desktop\Cibertec - Ciclo V\DAWI\PF\backProyecto\Pixel-Movies-Proyecto-DAWI\src\test\resources
2025-05-02 20:38:26,827 [Worker-16: Building] INFO  o.a.m.s.f.DefaultMavenResourcesFiltering - Copying 1 resource from src\main\resources to target\classes
2025-05-02 20:38:26,830 [Worker-16: Building] INFO  o.a.m.s.f.DefaultMavenResourcesFiltering - Copying 0 resource from src\main\resources to target\classes
2025-05-02 20:38:26,832 [Worker-16: Building] INFO  o.a.m.s.f.DefaultMavenResourcesFiltering - skip non existing resourceDirectory C:\Users\mateo\Desktop\Cibertec - Ciclo V\DAWI\PF\backProyecto\Pixel-Movies-Proyecto-DAWI\src\test\resources
2025-05-02 20:38:35,752 [Worker-23: Building] INFO  o.a.m.s.f.DefaultMavenResourcesFiltering - Copying 1 resource from src\main\resources to target\classes
2025-05-02 20:38:35,756 [Worker-23: Building] INFO  o.a.m.s.f.DefaultMavenResourcesFiltering - Copying 0 resource from src\main\resources to target\classes
2025-05-02 20:38:35,758 [Worker-23: Building] INFO  o.a.m.s.f.DefaultMavenResourcesFiltering - skip non existing resourceDirectory C:\Users\mateo\Desktop\Cibertec - Ciclo V\DAWI\PF\backProyecto\Pixel-Movies-Proyecto-DAWI\src\test\resources
2025-05-02 20:39:03,067 [Worker-21: Building] INFO  o.a.m.s.f.DefaultMavenResourcesFiltering - Copying 1 resource from src\main\resources to target\classes
2025-05-02 20:39:03,071 [Worker-21: Building] INFO  o.a.m.s.f.DefaultMavenResourcesFiltering - Copying 0 resource from src\main\resources to target\classes
2025-05-02 20:39:03,073 [Worker-21: Building] INFO  o.a.m.s.f.DefaultMavenResourcesFiltering - skip non existing resourceDirectory C:\Users\mateo\Desktop\Cibertec - Ciclo V\DAWI\PF\backProyecto\Pixel-Movies-Proyecto-DAWI\src\test\resources
2025-05-02 21:07:38,338 [Worker-25: Building] INFO  o.a.m.s.f.DefaultMavenResourcesFiltering - Copying 1 resource from src\main\resources to target\classes
2025-05-02 21:07:38,347 [Worker-25: Building] INFO  o.a.m.s.f.DefaultMavenResourcesFiltering - Copying 0 resource from src\main\resources to target\classes
2025-05-02 21:07:38,349 [Worker-25: Building] INFO  o.a.m.s.f.DefaultMavenResourcesFiltering - skip non existing resourceDirectory C:\Users\mateo\Desktop\Cibertec - Ciclo V\DAWI\PF\backProyecto\Pixel-Movies-Proyecto-DAWI\src\test\resources
2025-05-02 21:08:16,943 [Worker-25: Building] INFO  o.a.m.s.f.DefaultMavenResourcesFiltering - Copying 1 resource from src\main\resources to target\classes
2025-05-02 21:08:16,946 [Worker-25: Building] INFO  o.a.m.s.f.DefaultMavenResourcesFiltering - Copying 0 resource from src\main\resources to target\classes
2025-05-02 21:08:16,948 [Worker-25: Building] INFO  o.a.m.s.f.DefaultMavenResourcesFiltering - skip non existing resourceDirectory C:\Users\mateo\Desktop\Cibertec - Ciclo V\DAWI\PF\backProyecto\Pixel-Movies-Proyecto-DAWI\src\test\resources
2025-05-02 21:11:59,681 [Worker-35: Building] INFO  o.a.m.s.f.DefaultMavenResourcesFiltering - Copying 1 resource from src\main\resources to target\classes
2025-05-02 21:11:59,687 [Worker-35: Building] INFO  o.a.m.s.f.DefaultMavenResourcesFiltering - Copying 0 resource from src\main\resources to target\classes
2025-05-02 21:11:59,689 [Worker-35: Building] INFO  o.a.m.s.f.DefaultMavenResourcesFiltering - skip non existing resourceDirectory C:\Users\mateo\Desktop\Cibertec - Ciclo V\DAWI\PF\backProyecto\Pixel-Movies-Proyecto-DAWI\src\test\resources
2025-05-02 21:12:10,394 [Worker-24: Building] INFO  o.a.m.s.f.DefaultMavenResourcesFiltering - Copying 1 resource from src\main\resources to target\classes
2025-05-02 21:12:10,398 [Worker-24: Building] INFO  o.a.m.s.f.DefaultMavenResourcesFiltering - Copying 0 resource from src\main\resources to target\classes
2025-05-02 21:12:10,399 [Worker-24: Building] INFO  o.a.m.s.f.DefaultMavenResourcesFiltering - skip non existing resourceDirectory C:\Users\mateo\Desktop\Cibertec - Ciclo V\DAWI\PF\backProyecto\Pixel-Movies-Proyecto-DAWI\src\test\resources
2025-05-02 21:12:23,239 [Worker-35: Building] INFO  o.a.m.s.f.DefaultMavenResourcesFiltering - Copying 1 resource from src\main\resources to target\classes
2025-05-02 21:12:23,242 [Worker-35: Building] INFO  o.a.m.s.f.DefaultMavenResourcesFiltering - Copying 0 resource from src\main\resources to target\classes
2025-05-02 21:12:23,245 [Worker-35: Building] INFO  o.a.m.s.f.DefaultMavenResourcesFiltering - skip non existing resourceDirectory C:\Users\mateo\Desktop\Cibertec - Ciclo V\DAWI\PF\backProyecto\Pixel-Movies-Proyecto-DAWI\src\test\resources
2025-05-02 21:13:46,288 [Worker-37: Building] INFO  o.a.m.s.f.DefaultMavenResourcesFiltering - Copying 1 resource from src\main\resources to target\classes
2025-05-02 21:13:46,290 [Worker-37: Building] INFO  o.a.m.s.f.DefaultMavenResourcesFiltering - Copying 0 resource from src\main\resources to target\classes
2025-05-02 21:13:46,293 [Worker-37: Building] INFO  o.a.m.s.f.DefaultMavenResourcesFiltering - skip non existing resourceDirectory C:\Users\mateo\Desktop\Cibertec - Ciclo V\DAWI\PF\backProyecto\Pixel-Movies-Proyecto-DAWI\src\test\resources
2025-05-02 21:14:19,674 [Worker-37: Building] INFO  o.a.m.s.f.DefaultMavenResourcesFiltering - Copying 1 resource from src\main\resources to target\classes
2025-05-02 21:14:19,676 [Worker-37: Building] INFO  o.a.m.s.f.DefaultMavenResourcesFiltering - Copying 0 resource from src\main\resources to target\classes
2025-05-02 21:14:19,678 [Worker-37: Building] INFO  o.a.m.s.f.DefaultMavenResourcesFiltering - skip non existing resourceDirectory C:\Users\mateo\Desktop\Cibertec - Ciclo V\DAWI\PF\backProyecto\Pixel-Movies-Proyecto-DAWI\src\test\resources
2025-05-02 21:21:26,480 [Worker-43: Building] INFO  o.a.m.s.f.DefaultMavenResourcesFiltering - Copying 1 resource from src\main\resources to target\classes
2025-05-02 21:21:26,486 [Worker-43: Building] INFO  o.a.m.s.f.DefaultMavenResourcesFiltering - Copying 0 resource from src\main\resources to target\classes
2025-05-02 21:21:26,487 [Worker-43: Building] INFO  o.a.m.s.f.DefaultMavenResourcesFiltering - skip non existing resourceDirectory C:\Users\mateo\Desktop\Cibertec - Ciclo V\DAWI\PF\backProyecto\Pixel-Movies-Proyecto-DAWI\src\test\resources
2025-05-02 21:33:01,039 [Worker-48: Building] INFO  o.a.m.s.f.DefaultMavenResourcesFiltering - Copying 1 resource from src\main\resources to target\classes
2025-05-02 21:33:01,047 [Worker-48: Building] INFO  o.a.m.s.f.DefaultMavenResourcesFiltering - Copying 0 resource from src\main\resources to target\classes
2025-05-02 21:33:01,049 [Worker-48: Building] INFO  o.a.m.s.f.DefaultMavenResourcesFiltering - skip non existing resourceDirectory C:\Users\mateo\Desktop\Cibertec - Ciclo V\DAWI\PF\backProyecto\Pixel-Movies-Proyecto-DAWI\src\test\resources
2025-05-02 21:37:01,256 [Worker-50: Building] INFO  o.a.m.s.f.DefaultMavenResourcesFiltering - Copying 1 resource from src\main\resources to target\classes
2025-05-02 21:37:01,262 [Worker-50: Building] INFO  o.a.m.s.f.DefaultMavenResourcesFiltering - Copying 0 resource from src\main\resources to target\classes
2025-05-02 21:37:01,264 [Worker-50: Building] INFO  o.a.m.s.f.DefaultMavenResourcesFiltering - skip non existing resourceDirectory C:\Users\mateo\Desktop\Cibertec - Ciclo V\DAWI\PF\backProyecto\Pixel-Movies-Proyecto-DAWI\src\test\resources
2025-05-02 21:37:35,537 [Worker-51: Building] INFO  o.a.m.s.f.DefaultMavenResourcesFiltering - Copying 1 resource from src\main\resources to target\classes
2025-05-02 21:37:35,540 [Worker-51: Building] INFO  o.a.m.s.f.DefaultMavenResourcesFiltering - Copying 0 resource from src\main\resources to target\classes
2025-05-02 21:37:35,541 [Worker-51: Building] INFO  o.a.m.s.f.DefaultMavenResourcesFiltering - skip non existing resourceDirectory C:\Users\mateo\Desktop\Cibertec - Ciclo V\DAWI\PF\backProyecto\Pixel-Movies-Proyecto-DAWI\src\test\resources
2025-05-02 21:44:14,480 [Worker-55: Building] INFO  o.a.m.s.f.DefaultMavenResourcesFiltering - Copying 1 resource from src\main\resources to target\classes
2025-05-02 21:44:14,486 [Worker-55: Building] INFO  o.a.m.s.f.DefaultMavenResourcesFiltering - Copying 0 resource from src\main\resources to target\classes
2025-05-02 21:44:14,488 [Worker-55: Building] INFO  o.a.m.s.f.DefaultMavenResourcesFiltering - skip non existing resourceDirectory C:\Users\mateo\Desktop\Cibertec - Ciclo V\DAWI\PF\backProyecto\Pixel-Movies-Proyecto-DAWI\src\test\resources
2025-05-02 21:45:11,995 [Worker-57: Building] INFO  o.a.m.s.f.DefaultMavenResourcesFiltering - Copying 1 resource from src\main\resources to target\classes
2025-05-02 21:45:11,999 [Worker-57: Building] INFO  o.a.m.s.f.DefaultMavenResourcesFiltering - Copying 0 resource from src\main\resources to target\classes
2025-05-02 21:45:12,000 [Worker-57: Building] INFO  o.a.m.s.f.DefaultMavenResourcesFiltering - skip non existing resourceDirectory C:\Users\mateo\Desktop\Cibertec - Ciclo V\DAWI\PF\backProyecto\Pixel-Movies-Proyecto-DAWI\src\test\resources
2025-05-02 21:46:21,276 [Worker-56: Building] INFO  o.a.m.s.f.DefaultMavenResourcesFiltering - Copying 1 resource from src\main\resources to target\classes
2025-05-02 21:46:21,282 [Worker-56: Building] INFO  o.a.m.s.f.DefaultMavenResourcesFiltering - Copying 0 resource from src\main\resources to target\classes
2025-05-02 21:46:21,284 [Worker-56: Building] INFO  o.a.m.s.f.DefaultMavenResourcesFiltering - skip non existing resourceDirectory C:\Users\mateo\Desktop\Cibertec - Ciclo V\DAWI\PF\backProyecto\Pixel-Movies-Proyecto-DAWI\src\test\resources
2025-05-03 08:25:50,537 [Worker-4: Loading available Gradle versions] INFO  o.e.b.c.i.u.g.PublishedGradleVersions - Gradle version information cache is up-to-date. Trying to read.
2025-05-03 18:51:40,814 [Worker-4: Loading available Gradle versions] INFO  o.e.b.c.i.u.g.PublishedGradleVersions - Gradle version information cache is up-to-date. Trying to read.
2025-05-03 20:39:10,169 [Worker-5: Loading available Gradle versions] INFO  o.e.b.c.i.u.g.PublishedGradleVersions - Gradle version information cache is out-of-date. Trying to update.
2025-05-03 20:41:49,102 [Worker-5: Building] INFO  o.a.m.s.f.DefaultMavenResourcesFiltering - Copying 1 resource from src\main\resources to target\classes
2025-05-03 20:41:49,145 [Worker-5: Building] INFO  o.a.m.s.f.DefaultMavenResourcesFiltering - Copying 0 resource from src\main\resources to target\classes
2025-05-03 20:41:49,152 [Worker-5: Building] INFO  o.a.m.s.f.DefaultMavenResourcesFiltering - skip non existing resourceDirectory C:\Users\mateo\Desktop\Cibertec - Ciclo V\DAWI\PF\backProyecto\Pixel-Movies-Proyecto-DAWI\src\test\resources
2025-05-03 21:25:08,997 [Worker-30: Building] INFO  o.a.m.s.f.DefaultMavenResourcesFiltering - Copying 1 resource from src\main\resources to target\classes
2025-05-03 21:25:09,004 [Worker-30: Building] INFO  o.a.m.s.f.DefaultMavenResourcesFiltering - Copying 0 resource from src\main\resources to target\classes
2025-05-03 21:25:09,007 [Worker-30: Building] INFO  o.a.m.s.f.DefaultMavenResourcesFiltering - skip non existing resourceDirectory C:\Users\mateo\Desktop\Cibertec - Ciclo V\DAWI\PF\backProyecto\Pixel-Movies-Proyecto-DAWI\src\test\resources
2025-05-03 21:25:32,107 [Worker-30: Building] INFO  o.a.m.s.f.DefaultMavenResourcesFiltering - Copying 1 resource from src\main\resources to target\classes
2025-05-03 21:25:32,129 [Worker-30: Building] INFO  o.a.m.s.f.DefaultMavenResourcesFiltering - Copying 0 resource from src\main\resources to target\classes
2025-05-03 21:25:32,136 [Worker-30: Building] INFO  o.a.m.s.f.DefaultMavenResourcesFiltering - skip non existing resourceDirectory C:\Users\mateo\Desktop\Cibertec - Ciclo V\DAWI\PF\backProyecto\Pixel-Movies-Proyecto-DAWI\src\test\resources
2025-05-03 21:52:44,389 [Worker-35: Building] INFO  o.a.m.s.f.DefaultMavenResourcesFiltering - Copying 1 resource from src\main\resources to target\classes
2025-05-03 21:52:44,401 [Worker-35: Building] INFO  o.a.m.s.f.DefaultMavenResourcesFiltering - Copying 0 resource from src\main\resources to target\classes
2025-05-03 21:52:44,404 [Worker-35: Building] INFO  o.a.m.s.f.DefaultMavenResourcesFiltering - skip non existing resourceDirectory C:\Users\mateo\Desktop\Cibertec - Ciclo V\DAWI\PF\backProyecto\Pixel-Movies-Proyecto-DAWI\src\test\resources
2025-05-03 21:53:16,096 [Worker-40: Building] INFO  o.a.m.s.f.DefaultMavenResourcesFiltering - Copying 1 resource from src\main\resources to target\classes
2025-05-03 21:53:16,101 [Worker-40: Building] INFO  o.a.m.s.f.DefaultMavenResourcesFiltering - Copying 0 resource from src\main\resources to target\classes
2025-05-03 21:53:16,104 [Worker-40: Building] INFO  o.a.m.s.f.DefaultMavenResourcesFiltering - skip non existing resourceDirectory C:\Users\mateo\Desktop\Cibertec - Ciclo V\DAWI\PF\backProyecto\Pixel-Movies-Proyecto-DAWI\src\test\resources
2025-05-03 22:01:45,764 [Worker-41: Building] INFO  o.a.m.s.f.DefaultMavenResourcesFiltering - Copying 1 resource from src\main\resources to target\classes
2025-05-03 22:01:45,769 [Worker-41: Building] INFO  o.a.m.s.f.DefaultMavenResourcesFiltering - Copying 0 resource from src\main\resources to target\classes
2025-05-03 22:01:45,772 [Worker-41: Building] INFO  o.a.m.s.f.DefaultMavenResourcesFiltering - skip non existing resourceDirectory C:\Users\mateo\Desktop\Cibertec - Ciclo V\DAWI\PF\backProyecto\Pixel-Movies-Proyecto-DAWI\src\test\resources
2025-05-03 23:01:25,458 [Worker-4: Loading available Gradle versions] INFO  o.e.b.c.i.u.g.PublishedGradleVersions - Gradle version information cache is up-to-date. Trying to read.
2025-05-03 23:03:12,751 [Worker-13: Building] INFO  o.a.m.s.f.DefaultMavenResourcesFiltering - Copying 1 resource from src\main\resources to target\classes
2025-05-03 23:03:12,769 [Worker-13: Building] INFO  o.a.m.s.f.DefaultMavenResourcesFiltering - Copying 0 resource from src\main\resources to target\classes
2025-05-03 23:03:12,774 [Worker-13: Building] INFO  o.a.m.s.f.DefaultMavenResourcesFiltering - skip non existing resourceDirectory C:\Users\mateo\Desktop\Cibertec - Ciclo V\DAWI\PF\backProyecto\Pixel-Movies-Proyecto-DAWI\src\test\resources
2025-05-03 23:03:20,560 [Worker-13: Building] INFO  o.a.m.s.f.DefaultMavenResourcesFiltering - Copying 1 resource from src\main\resources to target\classes
2025-05-03 23:03:20,564 [Worker-13: Building] INFO  o.a.m.s.f.DefaultMavenResourcesFiltering - Copying 0 resource from src\main\resources to target\classes
2025-05-03 23:03:20,568 [Worker-13: Building] INFO  o.a.m.s.f.DefaultMavenResourcesFiltering - skip non existing resourceDirectory C:\Users\mateo\Desktop\Cibertec - Ciclo V\DAWI\PF\backProyecto\Pixel-Movies-Proyecto-DAWI\src\test\resources
2025-05-03 23:03:47,617 [Worker-15: Building] INFO  o.a.m.s.f.DefaultMavenResourcesFiltering - Copying 1 resource from src\main\resources to target\classes
2025-05-03 23:03:47,622 [Worker-15: Building] INFO  o.a.m.s.f.DefaultMavenResourcesFiltering - Copying 0 resource from src\main\resources to target\classes
2025-05-03 23:03:47,624 [Worker-15: Building] INFO  o.a.m.s.f.DefaultMavenResourcesFiltering - skip non existing resourceDirectory C:\Users\mateo\Desktop\Cibertec - Ciclo V\DAWI\PF\backProyecto\Pixel-Movies-Proyecto-DAWI\src\test\resources
2025-05-03 23:05:14,455 [Worker-1: Building] INFO  o.a.m.s.f.DefaultMavenResourcesFiltering - Copying 1 resource from src\main\resources to target\classes
2025-05-03 23:05:14,461 [Worker-1: Building] INFO  o.a.m.s.f.DefaultMavenResourcesFiltering - Copying 0 resource from src\main\resources to target\classes
2025-05-03 23:05:14,463 [Worker-1: Building] INFO  o.a.m.s.f.DefaultMavenResourcesFiltering - skip non existing resourceDirectory C:\Users\mateo\Desktop\Cibertec - Ciclo V\DAWI\PF\backProyecto\Pixel-Movies-Proyecto-DAWI\src\test\resources
2025-05-03 23:06:43,174 [Worker-17: Building] INFO  o.a.m.s.f.DefaultMavenResourcesFiltering - Copying 1 resource from src\main\resources to target\classes
2025-05-03 23:06:43,179 [Worker-17: Building] INFO  o.a.m.s.f.DefaultMavenResourcesFiltering - Copying 0 resource from src\main\resources to target\classes
2025-05-03 23:06:43,182 [Worker-17: Building] INFO  o.a.m.s.f.DefaultMavenResourcesFiltering - skip non existing resourceDirectory C:\Users\mateo\Desktop\Cibertec - Ciclo V\DAWI\PF\backProyecto\Pixel-Movies-Proyecto-DAWI\src\test\resources
2025-05-03 23:07:01,420 [Worker-18: Building] INFO  o.a.m.s.f.DefaultMavenResourcesFiltering - Copying 1 resource from src\main\resources to target\classes
2025-05-03 23:07:01,424 [Worker-18: Building] INFO  o.a.m.s.f.DefaultMavenResourcesFiltering - Copying 0 resource from src\main\resources to target\classes
2025-05-03 23:07:01,427 [Worker-18: Building] INFO  o.a.m.s.f.DefaultMavenResourcesFiltering - skip non existing resourceDirectory C:\Users\mateo\Desktop\Cibertec - Ciclo V\DAWI\PF\backProyecto\Pixel-Movies-Proyecto-DAWI\src\test\resources
2025-05-03 23:07:06,895 [Worker-8: Building] INFO  o.a.m.s.f.DefaultMavenResourcesFiltering - Copying 1 resource from src\main\resources to target\classes
2025-05-03 23:07:06,899 [Worker-8: Building] INFO  o.a.m.s.f.DefaultMavenResourcesFiltering - Copying 0 resource from src\main\resources to target\classes
2025-05-03 23:07:06,901 [Worker-8: Building] INFO  o.a.m.s.f.DefaultMavenResourcesFiltering - skip non existing resourceDirectory C:\Users\mateo\Desktop\Cibertec - Ciclo V\DAWI\PF\backProyecto\Pixel-Movies-Proyecto-DAWI\src\test\resources
2025-05-03 23:07:25,353 [Worker-17: Building] INFO  o.a.m.s.f.DefaultMavenResourcesFiltering - Copying 1 resource from src\main\resources to target\classes
2025-05-03 23:07:25,357 [Worker-17: Building] INFO  o.a.m.s.f.DefaultMavenResourcesFiltering - Copying 0 resource from src\main\resources to target\classes
2025-05-03 23:07:25,359 [Worker-17: Building] INFO  o.a.m.s.f.DefaultMavenResourcesFiltering - skip non existing resourceDirectory C:\Users\mateo\Desktop\Cibertec - Ciclo V\DAWI\PF\backProyecto\Pixel-Movies-Proyecto-DAWI\src\test\resources
2025-05-03 23:15:38,232 [Worker-20: Building] INFO  o.a.m.s.f.DefaultMavenResourcesFiltering - Copying 1 resource from src\main\resources to target\classes
2025-05-03 23:15:38,236 [Worker-20: Building] INFO  o.a.m.s.f.DefaultMavenResourcesFiltering - Copying 0 resource from src\main\resources to target\classes
2025-05-03 23:15:38,238 [Worker-20: Building] INFO  o.a.m.s.f.DefaultMavenResourcesFiltering - skip non existing resourceDirectory C:\Users\mateo\Desktop\Cibertec - Ciclo V\DAWI\PF\backProyecto\Pixel-Movies-Proyecto-DAWI\src\test\resources
2025-05-03 23:17:41,950 [Worker-20: Building] INFO  o.a.m.s.f.DefaultMavenResourcesFiltering - Copying 1 resource from src\main\resources to target\classes
2025-05-03 23:17:41,954 [Worker-20: Building] INFO  o.a.m.s.f.DefaultMavenResourcesFiltering - Copying 0 resource from src\main\resources to target\classes
2025-05-03 23:17:41,956 [Worker-20: Building] INFO  o.a.m.s.f.DefaultMavenResourcesFiltering - skip non existing resourceDirectory C:\Users\mateo\Desktop\Cibertec - Ciclo V\DAWI\PF\backProyecto\Pixel-Movies-Proyecto-DAWI\src\test\resources
2025-05-03 23:18:10,689 [Worker-18: Building] INFO  o.a.m.s.f.DefaultMavenResourcesFiltering - Copying 1 resource from src\main\resources to target\classes
2025-05-03 23:18:10,693 [Worker-18: Building] INFO  o.a.m.s.f.DefaultMavenResourcesFiltering - Copying 0 resource from src\main\resources to target\classes
2025-05-03 23:18:10,695 [Worker-18: Building] INFO  o.a.m.s.f.DefaultMavenResourcesFiltering - skip non existing resourceDirectory C:\Users\mateo\Desktop\Cibertec - Ciclo V\DAWI\PF\backProyecto\Pixel-Movies-Proyecto-DAWI\src\test\resources
2025-05-03 23:18:13,683 [Worker-21: Building] INFO  o.a.m.s.f.DefaultMavenResourcesFiltering - Copying 1 resource from src\main\resources to target\classes
2025-05-03 23:18:13,686 [Worker-21: Building] INFO  o.a.m.s.f.DefaultMavenResourcesFiltering - Copying 0 resource from src\main\resources to target\classes
2025-05-03 23:18:13,688 [Worker-21: Building] INFO  o.a.m.s.f.DefaultMavenResourcesFiltering - skip non existing resourceDirectory C:\Users\mateo\Desktop\Cibertec - Ciclo V\DAWI\PF\backProyecto\Pixel-Movies-Proyecto-DAWI\src\test\resources
2025-05-04 16:35:43,733 [Worker-4: Loading available Gradle versions] INFO  o.e.b.c.i.u.g.PublishedGradleVersions - Gradle version information cache is up-to-date. Trying to read.
2025-05-04 16:35:48,233 [Worker-18: Building] INFO  o.a.m.s.f.DefaultMavenResourcesFiltering - Copying 1 resource from src\main\resources to target\classes
2025-05-04 16:35:48,256 [Worker-18: Building] INFO  o.a.m.s.f.DefaultMavenResourcesFiltering - Copying 0 resource from src\main\resources to target\classes
2025-05-04 16:35:48,260 [Worker-18: Building] INFO  o.a.m.s.f.DefaultMavenResourcesFiltering - skip non existing resourceDirectory C:\Users\mateo\Desktop\Cibertec - Ciclo V\DAWI\PF\backProyecto\Pixel-Movies-Proyecto-DAWI\src\test\resources
2025-05-04 16:41:09,318 [Worker-9: Building] INFO  o.a.m.s.f.DefaultMavenResourcesFiltering - Copying 1 resource from src\main\resources to target\classes
2025-05-04 16:41:09,323 [Worker-9: Building] INFO  o.a.m.s.f.DefaultMavenResourcesFiltering - Copying 0 resource from src\main\resources to target\classes
2025-05-04 16:41:09,328 [Worker-9: Building] INFO  o.a.m.s.f.DefaultMavenResourcesFiltering - skip non existing resourceDirectory C:\Users\mateo\Desktop\Cibertec - Ciclo V\DAWI\PF\backProyecto\Pixel-Movies-Proyecto-DAWI\src\test\resources
2025-05-04 16:44:52,903 [Worker-4: Loading available Gradle versions] INFO  o.e.b.c.i.u.g.PublishedGradleVersions - Gradle version information cache is up-to-date. Trying to read.
2025-05-04 16:44:58,979 [Worker-0: Launching Pixel-Movies-Proyecto-DAWI - Daw1ProyFinalPixelMoviesApplication] INFO  o.a.m.s.f.DefaultMavenResourcesFiltering - Copying 1 resource from src\main\resources to target\classes
2025-05-04 16:44:59,001 [Worker-0: Launching Pixel-Movies-Proyecto-DAWI - Daw1ProyFinalPixelMoviesApplication] INFO  o.a.m.s.f.DefaultMavenResourcesFiltering - Copying 0 resource from src\main\resources to target\classes
2025-05-04 16:44:59,007 [Worker-0: Launching Pixel-Movies-Proyecto-DAWI - Daw1ProyFinalPixelMoviesApplication] INFO  o.a.m.s.f.DefaultMavenResourcesFiltering - skip non existing resourceDirectory C:\Users\mateo\Desktop\Cibertec - Ciclo V\DAWI\PF\backProyecto\Pixel-Movies-Proyecto-DAWI\src\test\resources
2025-05-04 17:38:21,836 [Worker-1: Building] INFO  o.a.m.s.f.DefaultMavenResourcesFiltering - Copying 1 resource from src\main\resources to target\classes
2025-05-04 17:38:21,841 [Worker-1: Building] INFO  o.a.m.s.f.DefaultMavenResourcesFiltering - Copying 0 resource from src\main\resources to target\classes
2025-05-04 17:38:21,844 [Worker-1: Building] INFO  o.a.m.s.f.DefaultMavenResourcesFiltering - skip non existing resourceDirectory C:\Users\mateo\Desktop\Cibertec - Ciclo V\DAWI\PF\backProyecto\Pixel-Movies-Proyecto-DAWI\src\test\resources
2025-05-04 17:44:27,179 [Worker-18: Building] INFO  o.a.m.s.f.DefaultMavenResourcesFiltering - Copying 1 resource from src\main\resources to target\classes
2025-05-04 17:44:27,185 [Worker-18: Building] INFO  o.a.m.s.f.DefaultMavenResourcesFiltering - Copying 0 resource from src\main\resources to target\classes
2025-05-04 17:44:27,187 [Worker-18: Building] INFO  o.a.m.s.f.DefaultMavenResourcesFiltering - skip non existing resourceDirectory C:\Users\mateo\Desktop\Cibertec - Ciclo V\DAWI\PF\backProyecto\Pixel-Movies-Proyecto-DAWI\src\test\resources
2025-05-04 17:47:10,374 [Worker-1: Building] INFO  o.a.m.s.f.DefaultMavenResourcesFiltering - Copying 1 resource from src\main\resources to target\classes
2025-05-04 17:47:10,378 [Worker-1: Building] INFO  o.a.m.s.f.DefaultMavenResourcesFiltering - Copying 0 resource from src\main\resources to target\classes
2025-05-04 17:47:10,380 [Worker-1: Building] INFO  o.a.m.s.f.DefaultMavenResourcesFiltering - skip non existing resourceDirectory C:\Users\mateo\Desktop\Cibertec - Ciclo V\DAWI\PF\backProyecto\Pixel-Movies-Proyecto-DAWI\src\test\resources
2025-05-04 18:33:53,577 [Worker-3: Building] INFO  o.a.m.s.f.DefaultMavenResourcesFiltering - Copying 1 resource from src\main\resources to target\classes
2025-05-04 18:33:53,587 [Worker-3: Building] INFO  o.a.m.s.f.DefaultMavenResourcesFiltering - Copying 0 resource from src\main\resources to target\classes
2025-05-04 18:33:53,590 [Worker-3: Building] INFO  o.a.m.s.f.DefaultMavenResourcesFiltering - skip non existing resourceDirectory C:\Users\mateo\Desktop\Cibertec - Ciclo V\DAWI\PF\backProyecto\Pixel-Movies-Proyecto-DAWI\src\test\resources
2025-05-04 18:33:55,739 [Worker-19: Building] INFO  o.a.m.s.f.DefaultMavenResourcesFiltering - Copying 1 resource from src\main\resources to target\classes
2025-05-04 18:33:55,743 [Worker-19: Building] INFO  o.a.m.s.f.DefaultMavenResourcesFiltering - Copying 0 resource from src\main\resources to target\classes
2025-05-04 18:33:55,745 [Worker-19: Building] INFO  o.a.m.s.f.DefaultMavenResourcesFiltering - skip non existing resourceDirectory C:\Users\mateo\Desktop\Cibertec - Ciclo V\DAWI\PF\backProyecto\Pixel-Movies-Proyecto-DAWI\src\test\resources
2025-05-04 18:54:47,160 [Worker-4: Loading available Gradle versions] INFO  o.e.b.c.i.u.g.PublishedGradleVersions - Gradle version information cache is up-to-date. Trying to read.
2025-05-04 18:55:02,611 [Worker-9: Launching Pixel-Movies-Proyecto-DAWI - Daw1ProyFinalPixelMoviesApplication] INFO  o.a.m.s.f.DefaultMavenResourcesFiltering - Copying 1 resource from src\main\resources to target\classes
2025-05-04 18:55:02,627 [Worker-9: Launching Pixel-Movies-Proyecto-DAWI - Daw1ProyFinalPixelMoviesApplication] INFO  o.a.m.s.f.DefaultMavenResourcesFiltering - Copying 0 resource from src\main\resources to target\classes
2025-05-04 18:55:02,632 [Worker-9: Launching Pixel-Movies-Proyecto-DAWI - Daw1ProyFinalPixelMoviesApplication] INFO  o.a.m.s.f.DefaultMavenResourcesFiltering - skip non existing resourceDirectory C:\Users\mateo\Desktop\Cibertec - Ciclo V\DAWI\PF\backProyecto\Pixel-Movies-Proyecto-DAWI\src\test\resources
